            --------------------------------------------------------
                             AMBER SQM VERSION 19
 
                                     By
              Ross C. Walker, Michael F. Crowley, Scott Brozell,
                         Tim Giese, Andreas W. Goetz,
                        Tai-Sung Lee and David A. Case
 
            --------------------------------------------------------
 

--------------------------------------------------------------------------------
  QM CALCULATION INFO
--------------------------------------------------------------------------------

| QMMM: Citation for AMBER QMMM Run:
| QMMM: R.C. Walker, M.F. Crowley and D.A. Case, J. COMP. CHEM. 29:1019, 2008

QMMM: SINGLET STATE CALCULATION
QMMM: RHF CALCULATION, NO. OF DOUBLY OCCUPIED LEVELS = 68

| QMMM: *** Selected Hamiltonian *** 
| QMMM: AM1         

| QMMM: *** Parameter sets in use ***
| QMMM: C : M.J.S.DEWAR et al. JACS, 107, 3902, (1985)
| QMMM: H : M.J.S.DEWAR et al. JACS, 107, 3902, (1985)
| QMMM: O : M.J.S.DEWAR et al. JACS, 107, 3902, (1985)

| QMMM: *** SCF convergence criteria ***
| QMMM: Energy change                :  0.1D-09 kcal/mol
| QMMM: Error matrix |FP-PF|         :  0.1D+00 au
| QMMM: Density matrix change        :  0.5D-06
| QMMM: Maximum number of SCF cycles :     1000

| QMMM: *** Diagonalization Routine Information ***
| QMMM: Pseudo diagonalizations are allowed.
| QMMM: Auto diagonalization routine selection is in use.
| QMMM:
| QMMM: Timing diagonalization routines:
| QMMM:                              norbs =      128
| QMMM:    diag iterations used for timing =       10
| QMMM:
| QMMM:              Internal diag routine = 0.023425 seconds
| QMMM:                 Dspev diag routine = 0.012572 seconds
| QMMM:                Dspevd diag routine = 0.006352 seconds
| QMMM:                Dspevx diag routine = 0.055901 seconds
| QMMM:                 Dsyev diag routine = 0.013961 seconds
| QMMM:                Dsyevd diag routine = 0.006805 seconds
| QMMM:                Dsyevr diag routine = 0.010684 seconds
| QMMM:
| QMMM:                Pseudo diag routine = 0.010987 seconds
| QMMM: Pseudo diagonalization appears to be slower than regular
| QMMM: diagonalization. Setting pseudo_diag=0 for optimum performance.
| QMMM:
| QMMM: Using dspevd routine (diag_routine=3).

  QMMM: QM Region Cartesian Coordinates (*=link atom) 
  QMMM: QM_NO.   MM_NO.  ATOM         X         Y         Z
  QMMM:     1        1      C       11.5790    4.5600   -3.0290
  QMMM:     2        2      C       11.1510    5.7560   -3.9230
  QMMM:     3        3      H       10.8710    5.4160   -4.9240
  QMMM:     4        4      H       11.9480    6.4960   -4.0190
  QMMM:     5        5      H       10.2860    6.2670   -3.4920
  QMMM:     6        6      C       10.2810    3.7510   -2.7720
  QMMM:     7        7      C        9.7190    2.9810   -3.7980
  QMMM:     8        8      H       10.2540    2.8570   -4.7360
  QMMM:     9        9      C        8.4450    2.4190   -3.6660
  QMMM:    10       10      H        8.0180    1.8560   -4.4920
  QMMM:    11       11      C        7.6930    2.6170   -2.5060
  QMMM:    12       12      C        8.2630    3.3390   -1.4560
  QMMM:    13       13      H        7.7140    3.5030   -0.5340
  QMMM:    14       14      C        9.5350    3.8980   -1.5900
  QMMM:    15       15      H        9.9040    4.4890   -0.7590
  QMMM:    16       16      O        6.3930    2.1230   -2.4490
  QMMM:    17       17      C        5.3980    2.6060   -1.4970
  QMMM:    18       18      H        5.3590    3.6980   -1.5500
  QMMM:    19       19      H        5.7000    2.3060   -0.4900
  QMMM:    20       20      C        3.9970    2.0210   -1.8140
  QMMM:    21       21      H        4.0500    0.9300   -1.7740
  QMMM:    22       22      O        3.0490    2.4810   -0.8330
  QMMM:    23       23      H        2.1450    2.1430   -1.0250
  QMMM:    24       24      C        3.5140    2.4510   -3.2140
  QMMM:    25       25      H        4.1880    2.0750   -3.9860
  QMMM:    26       26      H        2.5160    2.0530   -3.4130
  QMMM:    27       27      H        3.4730    3.5400   -3.2920
  QMMM:    28       28      C       12.1650    5.1800   -1.7310
  QMMM:    29       29      H       12.3580    4.4090   -0.9820
  QMMM:    30       30      H       13.1120    5.6850   -1.9400
  QMMM:    31       31      H       11.4920    5.9250   -1.2990
  QMMM:    32       32      C       12.7370    3.7350   -3.6500
  QMMM:    33       33      C       13.1080    2.5080   -3.0850
  QMMM:    34       34      H       12.5130    2.0790   -2.2830
  QMMM:    35       35      C       14.2750    1.8500   -3.4890
  QMMM:    36       36      H       14.5580    0.9160   -3.0090
  QMMM:    37       37      C       15.1070    2.4030   -4.4640
  QMMM:    38       38      C       14.7210    3.6000   -5.0690
  QMMM:    39       39      H       15.3360    4.0550   -5.8400
  QMMM:    40       40      C       13.5570    4.2540   -4.6660
  QMMM:    41       41      H       13.3350    5.2050   -5.1390
  QMMM:    42       42      O       16.3060    1.7660   -4.7730
  QMMM:    43       43      C       17.4120    2.4350   -5.4490
  QMMM:    44       44      H       17.6360    3.3670   -4.9220
  QMMM:    45       45      H       17.1110    2.6650   -6.4750
  QMMM:    46       46      C       18.6760    1.5360   -5.4690
  QMMM:    47       47      H       18.4370    0.6010   -5.9840
  QMMM:    48       48      O       19.7340    2.2070   -6.1790
  QMMM:    49       49      H       20.5560    1.6660   -6.1870
  QMMM:    50       50      C       19.1590    1.2150   -4.0410
  QMMM:    51       51      H       20.0630    0.6030   -4.0710
  QMMM:    52       52      H       19.3820    2.1330   -3.4920
  QMMM:    53       53      H       18.3950    0.6620   -3.4910

--------------------------------------------------------------------------------
  RESULTS
--------------------------------------------------------------------------------

      iter         sqm energy              rms gradient
      ----    -------------------    -----------------------
xmin    10     -143.8481 kcal/mol        0.6990 kcal/(mol*A)
xmin    20     -144.9907 kcal/mol        0.3438 kcal/(mol*A)
xmin    30     -145.4835 kcal/mol        0.3375 kcal/(mol*A)
xmin    40     -145.6670 kcal/mol        0.2781 kcal/(mol*A)
xmin    50     -145.8212 kcal/mol        0.2103 kcal/(mol*A)
xmin    60     -145.9088 kcal/mol        0.2047 kcal/(mol*A)
xmin    70     -145.9757 kcal/mol        0.0535 kcal/(mol*A)
xmin    80     -145.9919 kcal/mol        0.0730 kcal/(mol*A)
xmin    90     -145.9962 kcal/mol        0.0296 kcal/(mol*A)
xmin   100     -145.9978 kcal/mol        0.0210 kcal/(mol*A)
xmin   110     -145.9989 kcal/mol        0.0122 kcal/(mol*A)
xmin   120     -146.0002 kcal/mol        0.0053 kcal/(mol*A)
xmin   130     -146.0004 kcal/mol        0.0014 kcal/(mol*A)
xmin   140     -146.0004 kcal/mol        0.0010 kcal/(mol*A)
  ... geometry converged !
 
 Final MO eigenvalues (eV):
 -40.9726  -40.3809  -39.6474  -38.7443  -38.2484  -37.3144  -35.4827  -32.3944
 -32.2090  -31.6562  -31.5491  -29.8682  -29.4143  -27.9865  -27.4674  -27.4583
 -24.3800  -23.4556  -23.3577  -22.6312  -21.7548  -21.7181  -20.2609  -19.1814
 -19.1722  -17.9384  -17.7757  -17.0562  -16.9374  -16.8449  -16.5241  -16.4230
 -15.7809  -15.7059  -15.6278  -15.3303  -15.2418  -15.1876  -14.9811  -14.4023
 -14.1909  -14.0978  -13.9697  -13.6461  -13.6379  -13.5533  -13.4681  -13.3917
 -13.2563  -13.0057  -12.8292  -12.7958  -12.7361  -12.2682  -12.2459  -12.1132
 -12.0025  -11.7986  -11.7616  -11.5256  -11.4251  -11.3496  -11.0835  -11.0733
  -9.7369   -9.6900   -8.9467   -8.7265    0.4994    0.5379    0.5443    0.6107
   2.2707    2.2711    2.8686    2.8790    3.5446    3.5481    3.5935    3.6210
   3.6373    3.7384    3.7419    3.7437    3.8695    3.8730    3.8963    3.9335
   3.9847    4.0367    4.1174    4.1285    4.2115    4.2305    4.3970    4.4090
   4.4290    4.4518    4.4770    4.5468    4.5701    4.5717    4.5743    4.6445
   4.6497    4.7376    4.7851    4.8325    4.8457    4.8657    4.8930    4.8949
   5.0109    5.0928    5.1626    5.1899    5.3528    5.4013    5.5162    5.5490
   5.7635    5.8195    5.8866    5.9633    6.1121    6.1122    6.5024    6.5101


 Heat of formation   =       -146.00037857 kcal/mol  (       -6.33105150 eV)

 Total SCF energy    =    -100457.62412088 kcal/mol  (    -4356.16946884 eV)
 Electronic energy   =    -737759.22464835 kcal/mol  (   -31991.64063347 eV)
 Core-core repulsion =     637301.60052747 kcal/mol  (    27635.47116463 eV)
 
    Atomic Charges for Step       1 :
  Atom    Element       Mulliken Charge
     1      C                  0.035
     2      C                 -0.204
     3      H                  0.079
     4      H                  0.076
     5      H                  0.081
     6      C                 -0.098
     7      C                 -0.090
     8      H                  0.140
     9      C                 -0.156
    10      H                  0.148
    11      C                  0.081
    12      C                 -0.205
    13      H                  0.138
    14      C                 -0.095
    15      H                  0.134
    16      O                 -0.218
    17      C                 -0.022
    18      H                  0.087
    19      H                  0.101
    20      C                  0.026
    21      H                  0.094
    22      O                 -0.331
    23      H                  0.205
    24      C                 -0.250
    25      H                  0.099
    26      H                  0.075
    27      H                  0.086
    28      C                 -0.204
    29      H                  0.079
    30      H                  0.081
    31      H                  0.076
    32      C                 -0.098
    33      C                 -0.090
    34      H                  0.140
    35      C                 -0.156
    36      H                  0.148
    37      C                  0.081
    38      C                 -0.205
    39      H                  0.138
    40      C                 -0.095
    41      H                  0.134
    42      O                 -0.218
    43      C                 -0.022
    44      H                  0.087
    45      H                  0.101
    46      C                  0.026
    47      H                  0.094
    48      O                 -0.331
    49      H                  0.205
    50      C                 -0.250
    51      H                  0.075
    52      H                  0.086
    53      H                  0.099
 Total Mulliken Charge =      -0.000
 
                  X        Y        Z     TOTAL  
  QM DIPOLE     0.032    0.354    0.081    0.365
 
 Final Structure

  QMMM: QM Region Cartesian Coordinates (*=link atom) 
  QMMM: QM_NO.   MM_NO.  ATOM         X         Y         Z
  QMMM:     1        1      C       11.6393    5.2053   -2.8789
  QMMM:     2        2      C       11.4490    6.3683   -3.8525
  QMMM:     3        3      H       11.2791    5.9900   -4.8886
  QMMM:     4        4      H       12.3460    7.0326   -3.8465
  QMMM:     5        5      H       10.5610    6.9721   -3.5457
  QMMM:     6        6      C       10.3521    4.4165   -2.8506
  QMMM:     7        7      C        9.9795    3.6936   -3.9975
  QMMM:     8        8      H       10.6459    3.6955   -4.8747
  QMMM:     9        9      C        8.7959    2.9723   -4.0398
  QMMM:    10       10      H        8.5051    2.4046   -4.9346
  QMMM:    11       11      C        7.9537    2.9675   -2.9107
  QMMM:    12       12      C        8.3073    3.6798   -1.7618
  QMMM:    13       13      H        7.6615    3.6843   -0.8730
  QMMM:    14       14      C        9.5043    4.3988   -1.7421
  QMMM:    15       15      H        9.7617    4.9534   -0.8268
  QMMM:    16       16      O        6.7985    2.2232   -3.0555
  QMMM:    17       17      C        5.9365    2.1885   -1.9126
  QMMM:    18       18      H        5.5751    3.2220   -1.6771
  QMMM:    19       19      H        6.4809    1.7591   -1.0315
  QMMM:    20       20      C        4.7703    1.2743   -2.3106
  QMMM:    21       21      H        5.1634    0.4191   -2.9313
  QMMM:    22       22      O        4.2628    0.7644   -1.0816
  QMMM:    23       23      H        3.4606    0.2749   -1.2969
  QMMM:    24       24      C        3.7082    2.0303   -3.0831
  QMMM:    25       25      H        4.1746    2.5228   -3.9697
  QMMM:    26       26      H        2.9114    1.3317   -3.4337
  QMMM:    27       27      H        3.2377    2.8115   -2.4393
  QMMM:    28       28      C       11.9861    5.7966   -1.5127
  QMMM:    29       29      H       12.0505    4.9928   -0.7412
  QMMM:    30       30      H       12.9742    6.3142   -1.5684
  QMMM:    31       31      H       11.2149    6.5419   -1.2032
  QMMM:    32       32      C       12.7754    4.2981   -3.2870
  QMMM:    33       33      C       12.9774    3.1066   -2.5684
  QMMM:    34       34      H       12.2884    2.8495   -1.7483
  QMMM:    35       35      C       14.0202    2.2471   -2.8799
  QMMM:    36       36      H       14.1773    1.3143   -2.3209
  QMMM:    37       37      C       14.8915    2.5786   -3.9359
  QMMM:    38       38      C       14.7063    3.7583   -4.6615
  QMMM:    39       39      H       15.3766    4.0295   -5.4886
  QMMM:    40       40      C       13.6492    4.6084   -4.3300
  QMMM:    41       41      H       13.5234    5.5327   -4.9144
  QMMM:    42       42      O       15.8985    1.6601   -4.1633
  QMMM:    43       43      C       16.7855    1.9681   -5.2445
  QMMM:    44       44      H       17.3236    2.9274   -5.0337
  QMMM:    45       45      H       16.2107    2.0498   -6.2037
  QMMM:    46       46      C       17.7661    0.7901   -5.3139
  QMMM:    47       47      H       17.2118   -0.1681   -5.0998
  QMMM:    48       48      O       18.2279    0.7712   -6.6609
  QMMM:    49       49      H       18.9281    0.1097   -6.7026
  QMMM:    50       50      C       18.9092    0.9581   -4.3334
  QMMM:    51       51      H       19.5637    0.0540   -4.3411
  QMMM:    52       52      H       19.5282    1.8472   -4.6027
  QMMM:    53       53      H       18.4980    1.0995   -3.3053

           --------- Calculation Completed ----------

